2024-10-29 17:41:00,052 INFO o.a.j.u.JMeterUtils: Setting Locale to en_EN
2024-10-29 17:41:00,069 INFO o.a.j.JMeter: Loading user properties from: C:\EndPointCentral\apache-jmeter-5.6.3\apache-jmeter-5.6.3\bin\user.properties
2024-10-29 17:41:00,069 INFO o.a.j.JMeter: Loading system properties from: C:\EndPointCentral\apache-jmeter-5.6.3\apache-jmeter-5.6.3\bin\system.properties
2024-10-29 17:41:00,073 INFO o.a.j.JMeter: Copyright (c) 1998-2024 The Apache Software Foundation
2024-10-29 17:41:00,073 INFO o.a.j.JMeter: Version 5.6.3
2024-10-29 17:41:00,073 INFO o.a.j.JMeter: java.version=1.8.0_421
2024-10-29 17:41:00,073 INFO o.a.j.JMeter: java.vm.name=Java HotSpot(TM) 64-Bit Server VM
2024-10-29 17:41:00,073 INFO o.a.j.JMeter: os.name=Windows 11
2024-10-29 17:41:00,073 INFO o.a.j.JMeter: os.arch=amd64
2024-10-29 17:41:00,073 INFO o.a.j.JMeter: os.version=10.0
2024-10-29 17:41:00,073 INFO o.a.j.JMeter: file.encoding=Cp1252
2024-10-29 17:41:00,073 INFO o.a.j.JMeter: java.awt.headless=true
2024-10-29 17:41:00,073 INFO o.a.j.JMeter: Max memory     =1073741824
2024-10-29 17:41:00,073 INFO o.a.j.JMeter: Available Processors =12
2024-10-29 17:41:00,084 INFO o.a.j.JMeter: Default Locale=English (EN)
2024-10-29 17:41:00,084 INFO o.a.j.JMeter: JMeter  Locale=English (EN)
2024-10-29 17:41:00,084 INFO o.a.j.JMeter: JMeterHome=C:\EndPointCentral\apache-jmeter-5.6.3\apache-jmeter-5.6.3
2024-10-29 17:41:00,084 INFO o.a.j.JMeter: user.dir  =C:\Users\AnandNadisetty\PycharmProjects\Performance Testing Framework
2024-10-29 17:41:00,084 INFO o.a.j.JMeter: PWD       =C:\Users\AnandNadisetty\PycharmProjects\Performance Testing Framework
2024-10-29 17:41:00,115 INFO o.a.j.JMeter: IP: 10.10.4.222 Name: FM47NX3 FullName: 10.10.4.222
2024-10-29 17:41:00,130 INFO o.a.j.JMeter: Setting property 'jmeter.reportgenerator.outputdir' to:'C:\Users\AnandNadisetty\Documents\newhtmlreportssssss'
2024-10-29 17:41:00,130 INFO o.a.j.s.FileServer: Default base='C:\Users\AnandNadisetty\PycharmProjects\Performance Testing Framework'
2024-10-29 17:41:00,146 INFO o.a.j.s.FileServer: Set new base='C:\Users\AnandNadisetty\PycharmProjects\Performance Testing Framework\jmx'
2024-10-29 17:41:00,257 INFO o.a.j.s.SaveService: Testplan (JMX) version: 2.2. Testlog (JTL) version: 2.2
2024-10-29 17:41:00,289 INFO o.a.j.s.SaveService: Using SaveService properties file encoding UTF-8
2024-10-29 17:41:00,289 INFO o.a.j.s.SaveService: Using SaveService properties version 5.0
2024-10-29 17:41:00,304 INFO o.a.j.s.SaveService: Loading file: jmx\test_plan.jmx
2024-10-29 17:41:00,351 INFO o.a.j.p.h.s.HTTPSamplerBase: Parser for text/html is org.apache.jmeter.protocol.http.parser.LagartoBasedHtmlParser
2024-10-29 17:41:00,351 INFO o.a.j.p.h.s.HTTPSamplerBase: Parser for application/xhtml+xml is org.apache.jmeter.protocol.http.parser.LagartoBasedHtmlParser
2024-10-29 17:41:00,351 INFO o.a.j.p.h.s.HTTPSamplerBase: Parser for application/xml is org.apache.jmeter.protocol.http.parser.LagartoBasedHtmlParser
2024-10-29 17:41:00,351 INFO o.a.j.p.h.s.HTTPSamplerBase: Parser for text/xml is org.apache.jmeter.protocol.http.parser.LagartoBasedHtmlParser
2024-10-29 17:41:00,351 INFO o.a.j.p.h.s.HTTPSamplerBase: Parser for text/vnd.wap.wml is org.apache.jmeter.protocol.http.parser.RegexpHTMLParser
2024-10-29 17:41:00,351 INFO o.a.j.p.h.s.HTTPSamplerBase: Parser for text/css is org.apache.jmeter.protocol.http.parser.CssParser
2024-10-29 17:41:00,587 INFO o.a.j.JMeter: Creating summariser <summary>
2024-10-29 17:41:00,602 INFO o.a.j.r.d.ReportGenerator: ReportGenerator will use for Parsing the separator: ','
2024-10-29 17:41:00,602 INFO o.a.j.r.d.ReportGenerator: Will generate report at end of test from  results file: C:/Users/AnandNadisetty/Documents/results13.jtl
2024-10-29 17:41:00,602 INFO o.a.j.r.d.ReportGenerator: Reading report generator properties from: C:\EndPointCentral\apache-jmeter-5.6.3\apache-jmeter-5.6.3\bin\reportgenerator.properties
2024-10-29 17:41:00,602 INFO o.a.j.r.d.ReportGenerator: Merging with JMeter properties
2024-10-29 17:41:00,602 INFO o.a.j.r.c.ReportGeneratorConfiguration: Property 'jmeter.reportgenerator.temp_dir' not found, using default value 'temp' instead.
2024-10-29 17:41:00,602 INFO o.a.j.r.c.ReportGeneratorConfiguration: Property 'jmeter.reportgenerator.apdex_per_transaction' not found, using default value 'null' instead.
2024-10-29 17:41:00,602 INFO o.a.j.r.c.ReportGeneratorConfiguration: apdex_per_transaction is empty, not APDEX per transaction customization
2024-10-29 17:41:00,602 INFO o.a.j.r.c.ReportGeneratorConfiguration: Property 'jmeter.reportgenerator.sample_filter' not found, using default value 'null' instead.
2024-10-29 17:41:00,602 INFO o.a.j.r.c.ReportGeneratorConfiguration: Property 'jmeter.reportgenerator.report_title' not found, using default value 'null' instead.
2024-10-29 17:41:00,602 INFO o.a.j.r.c.ReportGeneratorConfiguration: Property 'jmeter.reportgenerator.start_date' not found, using default value 'null' instead.
2024-10-29 17:41:00,602 INFO o.a.j.r.c.ReportGeneratorConfiguration: Property 'jmeter.reportgenerator.end_date' not found, using default value 'null' instead.
2024-10-29 17:41:00,602 INFO o.a.j.r.c.ReportGeneratorConfiguration: Property 'jmeter.reportgenerator.date_format' not found, using default value 'null' instead.
2024-10-29 17:41:00,602 INFO o.a.j.r.c.ReportGeneratorConfiguration: Will use date range start date: null, end date: null
2024-10-29 17:41:00,602 INFO o.a.j.r.c.ReportGeneratorConfiguration: Property 'jmeter.reportgenerator.graph.totalTPS.exclude_controllers' not found, using default value 'false' instead.
2024-10-29 17:41:00,602 INFO o.a.j.r.c.ReportGeneratorConfiguration: Property 'jmeter.reportgenerator.graph.activeThreadsOverTime.exclude_controllers' not found, using default value 'false' instead.
2024-10-29 17:41:00,602 INFO o.a.j.r.c.ReportGeneratorConfiguration: Property 'jmeter.reportgenerator.graph.timeVsThreads.exclude_controllers' not found, using default value 'false' instead.
2024-10-29 17:41:00,602 INFO o.a.j.r.c.ReportGeneratorConfiguration: Property 'jmeter.reportgenerator.graph.responseTimeDistribution.exclude_controllers' not found, using default value 'false' instead.
2024-10-29 17:41:00,602 INFO o.a.j.r.c.ReportGeneratorConfiguration: Property 'jmeter.reportgenerator.graph.transactionsPerSecond.exclude_controllers' not found, using default value 'false' instead.
2024-10-29 17:41:00,602 INFO o.a.j.r.c.ReportGeneratorConfiguration: Property 'jmeter.reportgenerator.graph.responseTimePercentiles.exclude_controllers' not found, using default value 'false' instead.
2024-10-29 17:41:00,602 INFO o.a.j.r.c.ReportGeneratorConfiguration: Property 'jmeter.reportgenerator.graph.responseTimePercentilesOverTime.exclude_controllers' not found, using default value 'false' instead.
2024-10-29 17:41:00,602 INFO o.a.j.r.c.ReportGeneratorConfiguration: Property 'jmeter.reportgenerator.graph.responseTimesOverTime.exclude_controllers' not found, using default value 'false' instead.
2024-10-29 17:41:00,602 INFO o.a.j.r.c.ReportGeneratorConfiguration: Property 'jmeter.reportgenerator.graph.connectTimeOverTime.exclude_controllers' not found, using default value 'false' instead.
2024-10-29 17:41:00,602 INFO o.a.j.r.c.ReportGeneratorConfiguration: Property 'jmeter.reportgenerator.graph.latenciesOverTime.exclude_controllers' not found, using default value 'false' instead.
2024-10-29 17:41:00,602 INFO o.a.j.r.c.ReportGeneratorConfiguration: Property 'jmeter.reportgenerator.exporter.json.filters_only_sample_series' not found, using default value 'true' instead.
2024-10-29 17:41:00,602 INFO o.a.j.r.c.ReportGeneratorConfiguration: Property 'jmeter.reportgenerator.exporter.json.series_filter' not found, using default value '' instead.
2024-10-29 17:41:00,602 INFO o.a.j.r.c.ReportGeneratorConfiguration: Property 'jmeter.reportgenerator.exporter.json.show_controllers_only' not found, using default value 'false' instead.
2024-10-29 17:41:00,602 INFO o.a.j.r.c.ReportGeneratorConfiguration: Property 'jmeter.reportgenerator.exporter.html.filters_only_sample_series' not found, using default value 'true' instead.
2024-10-29 17:41:00,602 INFO o.a.j.r.c.ReportGeneratorConfiguration: Property 'jmeter.reportgenerator.exporter.html.series_filter' not found, using default value '' instead.
2024-10-29 17:41:00,602 INFO o.a.j.r.c.ReportGeneratorConfiguration: Property 'jmeter.reportgenerator.exporter.html.show_controllers_only' not found, using default value 'false' instead.
2024-10-29 17:41:00,618 INFO o.a.j.e.StandardJMeterEngine: Running the test!
2024-10-29 17:41:00,618 INFO o.a.j.s.SampleEvent: List of sample_variables: []
2024-10-29 17:41:00,618 INFO o.a.j.s.SampleEvent: List of sample_variables: []
2024-10-29 17:41:00,634 INFO o.a.j.e.u.CompoundVariable: Note: Function class names must contain the string: '.functions.'
2024-10-29 17:41:00,634 INFO o.a.j.e.u.CompoundVariable: Note: Function class names must not contain the string: '.gui.'
2024-10-29 17:41:00,917 INFO o.a.j.r.ClassFinder: Will scan jar C:\EndPointCentral\apache-jmeter-5.6.3\apache-jmeter-5.6.3\lib\ext\jmeter-plugins-tst-2.6.jar with filter ExtendsClassFilter [parents=[interface org.apache.jmeter.functions.Function], inner=false, contains=null, notContains=null]. Consider exposing JMeter plugins via META-INF/services, and add JMeter-Skip-Class-Scanning=true manifest attribute so JMeter can skip classfile scanning
2024-10-29 17:41:00,917 INFO o.a.j.r.ClassFinder: Will scan jar C:\EndPointCentral\apache-jmeter-5.6.3\apache-jmeter-5.6.3\lib\ext\jmeter-plugins-casutg-2.10.jar with filter ExtendsClassFilter [parents=[interface org.apache.jmeter.functions.Function], inner=false, contains=null, notContains=null]. Consider exposing JMeter plugins via META-INF/services, and add JMeter-Skip-Class-Scanning=true manifest attribute so JMeter can skip classfile scanning
2024-10-29 17:41:00,933 INFO o.a.j.r.ClassFinder: Will scan jar C:\EndPointCentral\apache-jmeter-5.6.3\apache-jmeter-5.6.3\lib\ext\jmeter-atakama-backend-1.5.0.jar with filter ExtendsClassFilter [parents=[interface org.apache.jmeter.functions.Function], inner=false, contains=null, notContains=null]. Consider exposing JMeter plugins via META-INF/services, and add JMeter-Skip-Class-Scanning=true manifest attribute so JMeter can skip classfile scanning
2024-10-29 17:41:00,933 INFO o.a.j.r.ClassFinder: Will scan jar C:\EndPointCentral\apache-jmeter-5.6.3\apache-jmeter-5.6.3\lib\ext\jmeter-plugins-dummy-0.4.jar with filter ExtendsClassFilter [parents=[interface org.apache.jmeter.functions.Function], inner=false, contains=null, notContains=null]. Consider exposing JMeter plugins via META-INF/services, and add JMeter-Skip-Class-Scanning=true manifest attribute so JMeter can skip classfile scanning
2024-10-29 17:41:00,948 INFO o.a.j.r.ClassFinder: Will scan jar C:\EndPointCentral\apache-jmeter-5.6.3\apache-jmeter-5.6.3\lib\ext\jmeter-plugins-manager-1.10.jar with filter ExtendsClassFilter [parents=[interface org.apache.jmeter.functions.Function], inner=false, contains=null, notContains=null]. Consider exposing JMeter plugins via META-INF/services, and add JMeter-Skip-Class-Scanning=true manifest attribute so JMeter can skip classfile scanning
2024-10-29 17:41:01,075 INFO o.a.j.r.ClassFinder: Will scan jar C:\EndPointCentral\apache-jmeter-5.6.3\apache-jmeter-5.6.3\lib\ext\jmeter-plugins-functions-2.2.jar with filter ExtendsClassFilter [parents=[interface org.apache.jmeter.functions.Function], inner=false, contains=null, notContains=null]. Consider exposing JMeter plugins via META-INF/services, and add JMeter-Skip-Class-Scanning=true manifest attribute so JMeter can skip classfile scanning
2024-10-29 17:41:01,090 INFO o.a.j.r.ClassFinder: Will scan jar C:\EndPointCentral\apache-jmeter-5.6.3\apache-jmeter-5.6.3\lib\ext\jmeter-plugins-perfmon-2.1.jar with filter ExtendsClassFilter [parents=[interface org.apache.jmeter.functions.Function], inner=false, contains=null, notContains=null]. Consider exposing JMeter plugins via META-INF/services, and add JMeter-Skip-Class-Scanning=true manifest attribute so JMeter can skip classfile scanning
2024-10-29 17:41:01,105 INFO o.a.j.r.ClassFinder: Will scan jar C:\EndPointCentral\apache-jmeter-5.6.3\apache-jmeter-5.6.3\lib\ext\jmeter.pack-listener-1.7.jar with filter ExtendsClassFilter [parents=[interface org.apache.jmeter.functions.Function], inner=false, contains=null, notContains=null]. Consider exposing JMeter plugins via META-INF/services, and add JMeter-Skip-Class-Scanning=true manifest attribute so JMeter can skip classfile scanning
2024-10-29 17:41:01,514 INFO o.a.j.r.ClassFinder: Will scan jar C:\EndPointCentral\apache-jmeter-5.6.3\apache-jmeter-5.6.3\lib\ext\jmeter-parallel-0.12.jar with filter ExtendsClassFilter [parents=[interface org.apache.jmeter.functions.Function], inner=false, contains=null, notContains=null]. Consider exposing JMeter plugins via META-INF/services, and add JMeter-Skip-Class-Scanning=true manifest attribute so JMeter can skip classfile scanning
2024-10-29 17:41:01,530 INFO o.a.j.r.ClassFinder: Will scan jar C:\EndPointCentral\apache-jmeter-5.6.3\apache-jmeter-5.6.3\lib\ext\jmeter-plugins-graphs-basic-2.0.jar with filter ExtendsClassFilter [parents=[interface org.apache.jmeter.functions.Function], inner=false, contains=null, notContains=null]. Consider exposing JMeter plugins via META-INF/services, and add JMeter-Skip-Class-Scanning=true manifest attribute so JMeter can skip classfile scanning
2024-10-29 17:41:01,530 INFO o.a.j.r.ClassFinder: Will scan jar C:\EndPointCentral\apache-jmeter-5.6.3\apache-jmeter-5.6.3\lib\ext\jmeter-plugins-fifo-0.2.jar with filter ExtendsClassFilter [parents=[interface org.apache.jmeter.functions.Function], inner=false, contains=null, notContains=null]. Consider exposing JMeter plugins via META-INF/services, and add JMeter-Skip-Class-Scanning=true manifest attribute so JMeter can skip classfile scanning
2024-10-29 17:41:01,530 INFO o.a.j.r.ClassFinder: Will scan jar C:\EndPointCentral\apache-jmeter-5.6.3\apache-jmeter-5.6.3\lib\ext\jmeter-plugins-ffw-2.0.jar with filter ExtendsClassFilter [parents=[interface org.apache.jmeter.functions.Function], inner=false, contains=null, notContains=null]. Consider exposing JMeter plugins via META-INF/services, and add JMeter-Skip-Class-Scanning=true manifest attribute so JMeter can skip classfile scanning
2024-10-29 17:41:01,530 INFO o.a.j.r.ClassFinder: Will scan jar C:\EndPointCentral\apache-jmeter-5.6.3\apache-jmeter-5.6.3\lib\ext\jmeter-plugins-webdriver-4.13.0.2.jar with filter ExtendsClassFilter [parents=[interface org.apache.jmeter.functions.Function], inner=false, contains=null, notContains=null]. Consider exposing JMeter plugins via META-INF/services, and add JMeter-Skip-Class-Scanning=true manifest attribute so JMeter can skip classfile scanning
2024-10-29 17:41:01,561 INFO o.a.j.JMeter: Running test (1730203861561)
2024-10-29 17:41:01,593 INFO o.a.j.e.StandardJMeterEngine: Starting ThreadGroup: 1 : Thread Group
2024-10-29 17:41:01,593 INFO o.a.j.e.StandardJMeterEngine: Starting 1 threads for group Thread Group.
2024-10-29 17:41:01,593 INFO o.a.j.e.StandardJMeterEngine: Thread will continue on error
2024-10-29 17:41:01,593 INFO o.a.j.t.ThreadGroup: Starting thread group... number=1 threads=1 ramp-up=1 delayedStart=false
2024-10-29 17:41:01,593 INFO o.a.j.t.ThreadGroup: Started thread group number 1
2024-10-29 17:41:01,593 INFO o.a.j.e.StandardJMeterEngine: All thread groups have been started
2024-10-29 17:41:01,593 INFO o.a.j.t.JMeterThread: Thread started: Thread Group 1-1
2024-10-29 17:41:01,609 INFO o.a.j.p.h.s.HTTPHCAbstractImpl: Local host = FM47NX3
2024-10-29 17:41:01,609 INFO o.a.j.p.h.s.HTTPHC4Impl: HTTP request retry count = 0
2024-10-29 17:41:01,609 INFO o.a.j.s.SampleResult: Note: Sample TimeStamps are START times
2024-10-29 17:41:01,609 INFO o.a.j.s.SampleResult: sampleresult.default.encoding is set to UTF-8
2024-10-29 17:41:01,625 INFO o.a.j.s.SampleResult: sampleresult.useNanoTime=true
2024-10-29 17:41:01,625 INFO o.a.j.s.SampleResult: sampleresult.nanoThreadSleep=5000
2024-10-29 17:41:02,837 INFO o.a.j.r.Summariser: summary +      1 in 00:00:01 =    0.8/s Avg:  1176 Min:  1176 Max:  1176 Err:     1 (100.00%) Active: 1 Started: 1 Finished: 0
2024-10-29 17:41:02,837 INFO o.a.j.t.JMeterThread: Thread is done: Thread Group 1-1
2024-10-29 17:41:02,837 INFO o.a.j.t.JMeterThread: Thread finished: Thread Group 1-1
2024-10-29 17:41:02,837 INFO o.a.j.e.StandardJMeterEngine: Notifying test listeners of end of test
2024-10-29 17:41:02,837 INFO o.a.j.r.Summariser: summary =      1 in 00:00:01 =    0.8/s Avg:  1176 Min:  1176 Max:  1176 Err:     1 (100.00%)
2024-10-29 17:41:02,853 INFO o.a.j.JMeter: Generating Dashboard
2024-10-29 17:41:02,853 INFO o.a.j.r.d.ReportGenerator: Flushing result collector before report Generation
2024-10-29 17:41:02,853 INFO o.a.j.r.p.NormalizerSampleConsumer: Using format, 'ms', to parse timeStamp field
2024-10-29 17:41:03,153 INFO o.a.j.r.p.AbstractSampleConsumer: class org.apache.jmeter.report.processor.AggregateConsumer#stopProducing(): beginDate produced 0 samples
2024-10-29 17:41:03,153 INFO o.a.j.r.p.AbstractSampleConsumer: class org.apache.jmeter.report.processor.AggregateConsumer#stopProducing(): endDate produced 0 samples
2024-10-29 17:41:03,153 INFO o.a.j.r.p.AbstractSampleConsumer: class org.apache.jmeter.report.processor.ApdexSummaryConsumer#stopProducing(): apdexSummary produced 0 samples
2024-10-29 17:41:03,153 INFO o.a.j.r.p.AbstractSampleConsumer: class org.apache.jmeter.report.processor.RequestsSummaryConsumer#stopProducing(): requestsSummary produced 0 samples
2024-10-29 17:41:03,153 INFO o.a.j.r.p.AbstractSampleConsumer: class org.apache.jmeter.report.processor.StatisticsSummaryConsumer#stopProducing(): statisticsSummary produced 0 samples
2024-10-29 17:41:03,153 INFO o.a.j.r.p.AbstractSampleConsumer: class org.apache.jmeter.report.processor.Top5ErrorsBySamplerConsumer#stopProducing(): top5ErrorsBySampler produced 0 samples
2024-10-29 17:41:03,153 INFO o.a.j.r.p.AbstractSampleConsumer: class org.apache.jmeter.report.processor.ErrorsSummaryConsumer#stopProducing(): errorsSummary produced 0 samples
2024-10-29 17:41:03,153 INFO o.a.j.r.p.AbstractSampleConsumer: class org.apache.jmeter.report.processor.graph.impl.HitsPerSecondGraphConsumer#stopProducing(): hitsPerSecond produced 0 samples
2024-10-29 17:41:03,169 INFO o.a.j.r.p.AbstractSampleConsumer: class org.apache.jmeter.report.processor.graph.impl.LatencyVSRequestGraphConsumer#stopProducing(): latencyVsRequest produced 0 samples
2024-10-29 17:41:03,169 INFO o.a.j.r.p.AbstractSampleConsumer: class org.apache.jmeter.report.processor.graph.impl.SyntheticResponseTimeDistributionGraphConsumer#stopProducing(): syntheticResponseTimeDistribution produced 0 samples
2024-10-29 17:41:03,169 INFO o.a.j.r.p.AbstractSampleConsumer: class org.apache.jmeter.report.processor.graph.impl.BytesThroughputGraphConsumer#stopProducing(): bytesThroughputOverTime produced 0 samples
2024-10-29 17:41:03,169 INFO o.a.j.r.p.AbstractSampleConsumer: class org.apache.jmeter.report.processor.graph.impl.CodesPerSecondGraphConsumer#stopProducing(): codesPerSecond produced 0 samples
2024-10-29 17:41:03,169 INFO o.a.j.r.p.AbstractSampleConsumer: class org.apache.jmeter.report.processor.graph.impl.ResponseTimeVSRequestGraphConsumer#stopProducing(): responseTimeVsRequest produced 0 samples
2024-10-29 17:41:03,169 INFO o.a.j.r.p.AbstractSampleConsumer: class org.apache.jmeter.report.processor.FilterConsumer#stopProducing(): startIntervalControlerFilter produced 7 samples
2024-10-29 17:41:03,169 INFO o.a.j.r.p.AbstractSampleConsumer: class org.apache.jmeter.report.processor.graph.impl.TotalTPSGraphConsumer#stopProducing(): totalTPS produced 0 samples
2024-10-29 17:41:03,169 INFO o.a.j.r.p.AbstractSampleConsumer: class org.apache.jmeter.report.processor.graph.impl.ActiveThreadsGraphConsumer#stopProducing(): activeThreadsOverTime produced 0 samples
2024-10-29 17:41:03,169 INFO o.a.j.r.p.AbstractSampleConsumer: class org.apache.jmeter.report.processor.graph.impl.TimeVSThreadGraphConsumer#stopProducing(): timeVsThreads produced 0 samples
2024-10-29 17:41:03,169 INFO o.a.j.r.p.AbstractSampleConsumer: class org.apache.jmeter.report.processor.graph.impl.ResponseTimeDistributionGraphConsumer#stopProducing(): responseTimeDistribution produced 0 samples
2024-10-29 17:41:03,169 INFO o.a.j.r.p.AbstractSampleConsumer: class org.apache.jmeter.report.processor.graph.impl.TransactionsPerSecondGraphConsumer#stopProducing(): transactionsPerSecond produced 0 samples
2024-10-29 17:41:03,169 INFO o.a.j.r.p.AbstractSampleConsumer: class org.apache.jmeter.report.processor.graph.impl.ResponseTimePercentilesGraphConsumer#stopProducing(): responseTimePercentiles produced 0 samples
2024-10-29 17:41:03,169 INFO o.a.j.r.p.AbstractSampleConsumer: class org.apache.jmeter.report.processor.graph.impl.ResponseTimePercentilesOverTimeGraphConsumer#stopProducing(): responseTimePercentilesOverTime produced 0 samples
2024-10-29 17:41:03,169 INFO o.a.j.r.p.AbstractSampleConsumer: class org.apache.jmeter.report.processor.graph.impl.ResponseTimeOverTimeGraphConsumer#stopProducing(): responseTimesOverTime produced 0 samples
2024-10-29 17:41:03,169 INFO o.a.j.r.p.AbstractSampleConsumer: class org.apache.jmeter.report.processor.graph.impl.ConnectTimeOverTimeGraphConsumer#stopProducing(): connectTimeOverTime produced 0 samples
2024-10-29 17:41:03,169 INFO o.a.j.r.p.AbstractSampleConsumer: class org.apache.jmeter.report.processor.graph.impl.LatencyOverTimeGraphConsumer#stopProducing(): latenciesOverTime produced 0 samples
2024-10-29 17:41:03,169 INFO o.a.j.r.p.AbstractSampleConsumer: class org.apache.jmeter.report.processor.FilterConsumer#stopProducing(): nameFilter produced 15 samples
2024-10-29 17:41:03,169 INFO o.a.j.r.p.AbstractSampleConsumer: class org.apache.jmeter.report.processor.FilterConsumer#stopProducing(): dateRangeFilter produced 3 samples
2024-10-29 17:41:03,169 INFO o.a.j.r.p.AbstractSampleConsumer: class org.apache.jmeter.report.processor.NormalizerSampleConsumer#stopProducing(): normalizer produced 1 samples
2024-10-29 17:41:03,169 INFO o.a.j.r.p.CsvFileSampleSource: produce(): 1 samples produced in 291ms on channel 0
2024-10-29 17:41:03,169 INFO o.a.j.r.d.ReportGenerator: Exporting data using exporter:'json' of className:'org.apache.jmeter.report.dashboard.JsonExporter'
2024-10-29 17:41:03,202 INFO o.a.j.r.d.JsonExporter: Found data for consumer statisticsSummary in context
2024-10-29 17:41:03,202 INFO o.a.j.r.d.JsonExporter: Creating statistics for overall
2024-10-29 17:41:03,202 INFO o.a.j.r.d.JsonExporter: Creating statistics for other transactions
2024-10-29 17:41:03,202 INFO o.a.j.r.d.JsonExporter: Checking output folder
2024-10-29 17:41:03,202 INFO o.a.j.r.d.JsonExporter: Writing statistics JSON to C:\Users\AnandNadisetty\Documents\newhtmlreportssssss\statistics.json
2024-10-29 17:41:03,216 INFO o.a.j.r.d.ReportGenerator: Exporting data using exporter:'html' of className:'org.apache.jmeter.report.dashboard.HtmlTemplateExporter'
2024-10-29 17:41:03,232 INFO o.a.j.r.d.HtmlTemplateExporter: Will generate dashboard in folder: C:\Users\AnandNadisetty\Documents\newhtmlreportssssss
2024-10-29 17:41:03,310 INFO o.a.j.r.d.HtmlTemplateExporter: Report will be generated in: C:\Users\AnandNadisetty\Documents\newhtmlreportssssss, creating folder structure
2024-10-29 17:41:03,310 INFO o.a.j.r.d.TemplateVisitor: Copying folder from 'C:\EndPointCentral\apache-jmeter-5.6.3\apache-jmeter-5.6.3\bin\report-template' to 'C:\Users\AnandNadisetty\Documents\newhtmlreportssssss', got message: C:\Users\AnandNadisetty\Documents\newhtmlreportssssss, found non empty folder with following content [C:\Users\AnandNadisetty\Documents\newhtmlreportssssss\statistics.json], will be ignored
2024-10-29 17:41:03,609 INFO o.a.j.JMeter: Dashboard generated
